# JRE version: Java(TM) SE Runtime Environment (18.0.2.1+1) (build 18.0.2.1+1-1)
# Java VM: Java HotSpot(TM) 64-Bit Server VM (18.0.2.1+1-1, mixed mode, sharing, tiered, compressed oops, compressed class ptrs, g1 gc, windows-amd64)
GC Precious Log:
 CardTable entry size: 512
 Card Set container configuration: InlinePtr #cards 5 size 8 Array Of Cards #cards 12 size 40 Howl #buckets 4 coarsen threshold 1843 Howl Bitmap #cards 512 size 80 coarsen threshold 460 Card regions per heap region 1 cards per card region 2048
 CPUs: 8 total, 8 available
 Memory: 6081M
 Large Page Support: Disabled
 NUMA Support: Disabled
 Compressed Oops: Enabled (32-bit)
 Heap Region Size: 1M
 Heap Min Capacity: 8M
 Heap Initial Capacity: 8M
 Heap Max Capacity: 1522M
 Pre-touch: Disabled
 Parallel Workers: 8
 Concurrent Workers: 2
 Concurrent Refinement Workers: 8
 Periodic GC: Disabled
Heap:
 garbage-first heap   total 28672K, used 16586K [0x00000000a0e00000, 0x0000000100000000)
  region size 1024K, 8 young (8192K), 2 survivors (2048K)
 Metaspace       used 9392K, committed 9536K, reserved 1114112K
  class space    used 1029K, committed 1088K, reserved 1048576K
GC Heap History (20 events):
Event: 1.141 GC heap before
{Heap before GC invocations=4 (full 0):
 garbage-first heap   total 8192K, used 3705K [0x00000000a0e00000, 0x0000000100000000)
  region size 1024K, 2 young (2048K), 1 survivors (1024K)
 Metaspace       used 7765K, committed 7936K, reserved 1114112K
  class space    used 868K, committed 960K, reserved 1048576K
}
Event: 1.145 GC heap after
{Heap after GC invocations=5 (full 0):
 garbage-first heap   total 8192K, used 2968K [0x00000000a0e00000, 0x0000000100000000)
  region size 1024K, 1 young (1024K), 1 survivors (1024K)
 Metaspace       used 7765K, committed 7936K, reserved 1114112K
  class space    used 868K, committed 960K, reserved 1048576K
}
Event: 1.178 GC heap before
{Heap before GC invocations=5 (full 0):
 garbage-first heap   total 8192K, used 3992K [0x00000000a0e00000, 0x0000000100000000)
  region size 1024K, 2 young (2048K), 1 survivors (1024K)
 Metaspace       used 7787K, committed 7936K, reserved 1114112K
  class space    used 868K, committed 960K, reserved 1048576K
}
Event: 1.181 GC heap after
{Heap after GC invocations=6 (full 0):
 garbage-first heap   total 10240K, used 3201K [0x00000000a0e00000, 0x0000000100000000)
  region size 1024K, 1 young (1024K), 1 survivors (1024K)
 Metaspace       used 7787K, committed 7936K, reserved 1114112K
  class space    used 868K, committed 960K, reserved 1048576K
}
Event: 1.276 GC heap before
{Heap before GC invocations=6 (full 0):
 garbage-first heap   total 10240K, used 4225K [0x00000000a0e00000, 0x0000000100000000)
  region size 1024K, 3 young (3072K), 1 survivors (1024K)
 Metaspace       used 7858K, committed 8000K, reserved 1114112K
  class space    used 868K, committed 960K, reserved 1048576K
}
Event: 1.279 GC heap after
{Heap after GC invocations=7 (full 0):
 garbage-first heap   total 10240K, used 3544K [0x00000000a0e00000, 0x0000000100000000)
  region size 1024K, 1 young (1024K), 1 survivors (1024K)
 Metaspace       used 7858K, committed 8000K, reserved 1114112K
  class space    used 868K, committed 960K, reserved 1048576K
}
Event: 1.339 GC heap before
{Heap before GC invocations=7 (full 0):
 garbage-first heap   total 10240K, used 5592K [0x00000000a0e00000, 0x0000000100000000)
  region size 1024K, 3 young (3072K), 1 survivors (1024K)
 Metaspace       used 7889K, committed 8064K, reserved 1114112K
  class space    used 868K, committed 960K, reserved 1048576K
}
Event: 1.344 GC heap after
{Heap after GC invocations=8 (full 0):
 garbage-first heap   total 10240K, used 4015K [0x00000000a0e00000, 0x0000000100000000)
  region size 1024K, 1 young (1024K), 1 survivors (1024K)
 Metaspace       used 7889K, committed 8064K, reserved 1114112K
  class space    used 868K, committed 960K, reserved 1048576K
}
Event: 1.368 GC heap before
{Heap before GC invocations=8 (full 0):
 garbage-first heap   total 10240K, used 5039K [0x00000000a0e00000, 0x0000000100000000)
  region size 1024K, 2 young (2048K), 1 survivors (1024K)
 Metaspace       used 7894K, committed 8064K, reserved 1114112K
  class space    used 868K, committed 960K, reserved 1048576K
}
Event: 1.371 GC heap after
{Heap after GC invocations=9 (full 0):
 garbage-first heap   total 10240K, used 4229K [0x00000000a0e00000, 0x0000000100000000)
  region size 1024K, 1 young (1024K), 1 survivors (1024K)
 Metaspace       used 7894K, committed 8064K, reserved 1114112K
  class space    used 868K, committed 960K, reserved 1048576K
}
Event: 1.420 GC heap before
{Heap before GC invocations=9 (full 0):
 garbage-first heap   total 10240K, used 6277K [0x00000000a0e00000, 0x0000000100000000)
  region size 1024K, 3 young (3072K), 1 survivors (1024K)
 Metaspace       used 7909K, committed 8064K, reserved 1114112K
  class space    used 868K, committed 960K, reserved 1048576K
}
Event: 1.424 GC heap after
{Heap after GC invocations=10 (full 0):
 garbage-first heap   total 19456K, used 4712K [0x00000000a0e00000, 0x0000000100000000)
  region size 1024K, 1 young (1024K), 1 survivors (1024K)
 Metaspace       used 7909K, committed 8064K, reserved 1114112K
  class space    used 868K, committed 960K, reserved 1048576K
}
Event: 1.615 GC heap before
{Heap before GC invocations=10 (full 0):
 garbage-first heap   total 19456K, used 11880K [0x00000000a0e00000, 0x0000000100000000)
  region size 1024K, 8 young (8192K), 1 survivors (1024K)
 Metaspace       used 7938K, committed 8128K, reserved 1114112K
  class space    used 868K, committed 960K, reserved 1048576K
}
Event: 1.623 GC heap after
{Heap after GC invocations=11 (full 0):
 garbage-first heap   total 19456K, used 6076K [0x00000000a0e00000, 0x0000000100000000)
  region size 1024K, 1 young (1024K), 1 survivors (1024K)
 Metaspace       used 7938K, committed 8128K, reserved 1114112K
  class space    used 868K, committed 960K, reserved 1048576K
}
Event: 1.739 GC heap before
{Heap before GC invocations=11 (full 0):
 garbage-first heap   total 19456K, used 10172K [0x00000000a0e00000, 0x0000000100000000)
  region size 1024K, 6 young (6144K), 1 survivors (1024K)
 Metaspace       used 7959K, committed 8192K, reserved 1114112K
  class space    used 868K, committed 960K, reserved 1048576K
}
Event: 1.744 GC heap after
{Heap after GC invocations=12 (full 0):
 garbage-first heap   total 19456K, used 7193K [0x00000000a0e00000, 0x0000000100000000)
  region size 1024K, 1 young (1024K), 1 survivors (1024K)
 Metaspace       used 7959K, committed 8192K, reserved 1114112K
  class space    used 868K, committed 960K, reserved 1048576K
}
Event: 2.075 GC heap before
{Heap before GC invocations=12 (full 0):
 garbage-first heap   total 19456K, used 12313K [0x00000000a0e00000, 0x0000000100000000)
  region size 1024K, 6 young (6144K), 1 survivors (1024K)
 Metaspace       used 9006K, committed 9152K, reserved 1114112K
  class space    used 992K, committed 1024K, reserved 1048576K
}
Event: 2.086 GC heap after
{Heap after GC invocations=13 (full 0):
 garbage-first heap   total 19456K, used 8999K [0x00000000a0e00000, 0x0000000100000000)
  region size 1024K, 1 young (1024K), 1 survivors (1024K)
 Metaspace       used 9006K, committed 9152K, reserved 1114112K
  class space    used 992K, committed 1024K, reserved 1048576K
}
Event: 2.213 GC heap before
{Heap before GC invocations=13 (full 0):
 garbage-first heap   total 19456K, used 13095K [0x00000000a0e00000, 0x0000000100000000)
  region size 1024K, 5 young (5120K), 1 survivors (1024K)
 Metaspace       used 9236K, committed 9408K, reserved 1114112K
  class space    used 1014K, committed 1088K, reserved 1048576K
}
Event: 2.220 GC heap after
{Heap after GC invocations=14 (full 0):
 garbage-first heap   total 28672K, used 9928K [0x00000000a0e00000, 0x0000000100000000)
  region size 1024K, 1 young (1024K), 1 survivors (1024K)
 Metaspace       used 9236K, committed 9408K, reserved 1114112K
  class space    used 1014K, committed 1088K, reserved 1048576K
}

